"../../../Engine/Content/Animation/DefaultAnimBoneCompressionSettings.uasset" 0
"../../../Engine/Content/Animation/DefaultAnimBoneCompressionSettings.uexp" 1
"../../../Engine/Content/Animation/DefaultAnimCurveCompressionSettings.uasset" 2
"../../../Engine/Content/Animation/DefaultAnimCurveCompressionSettings.uexp" 3
"../../../Engine/Content/EngineMaterials/T_Default_Material_Grid_N.uasset" 4
"../../../Engine/Content/EngineMaterials/T_Default_Material_Grid_N.uexp" 5
"../../../Engine/Content/EngineMaterials/T_Default_Material_Grid_N.ubulk" 6
"../../../Engine/Content/EngineMaterials/T_Default_Material_Grid_M.uasset" 7
"../../../Engine/Content/EngineMaterials/T_Default_Material_Grid_M.uexp" 8
"../../../Engine/Content/EngineMaterials/T_Default_Material_Grid_M.ubulk" 9
"../../../Engine/Content/Functions/Engine_MaterialFunctions01/Opacity/CameraDepthFade.uasset" 10
"../../../Engine/Content/Functions/Engine_MaterialFunctions01/Opacity/CameraDepthFade.uexp" 11
"../../../Engine/Content/EngineMaterials/WorldGridMaterial.uasset" 12
"../../../Engine/Content/EngineMaterials/WorldGridMaterial.uexp" 13
"../../../Engine/Content/ArtTools/RenderToTexture/Meshes/S_1_Unit_Plane.uasset" 14
"../../../Engine/Content/ArtTools/RenderToTexture/Meshes/S_1_Unit_Plane.uexp" 15
"../../../Engine/Content/EngineMaterials/DefaultMaterial.uasset" 16
"../../../Engine/Content/EngineMaterials/DefaultMaterial.uexp" 17
"../../../Engine/Content/BasicShapes/Cone.uasset" 18
"../../../Engine/Content/BasicShapes/Cone.uexp" 19
"../../../Engine/Content/BasicShapes/Cube.uasset" 20
"../../../Engine/Content/BasicShapes/Cube.uexp" 21
"../../../Engine/Content/BasicShapes/Plane.uasset" 22
"../../../Engine/Content/BasicShapes/Plane.uexp" 23
"../../../Engine/Content/BasicShapes/Sphere.uasset" 24
"../../../Engine/Content/BasicShapes/Sphere.uexp" 25
"../../../Engine/Content/EditorLandscapeResources/DataLayer.uasset" 26
"../../../Engine/Content/EditorLandscapeResources/DataLayer.uexp" 27
"../../../Engine/Content/EditorLandscapeResources/DefaultAlphaTexture.uasset" 28
"../../../Engine/Content/EditorLandscapeResources/DefaultAlphaTexture.uexp" 29
"../../../Engine/Content/EditorMaterials/MAT_Groups_Toggle.uasset" 30
"../../../Engine/Content/EditorMaterials/MAT_Groups_Toggle.uexp" 31
"../../../Engine/Content/EditorMaterials/MAT_Groups_Visibility.uasset" 32
"../../../Engine/Content/EditorMaterials/MAT_Groups_Visibility.uexp" 33
"../../../Engine/Content/EditorMaterials/PreviewShadowIndicator.uasset" 34
"../../../Engine/Content/EditorMaterials/PreviewShadowIndicator.uexp" 35
"../../../Engine/Content/EditorMaterials/PreviewShadowIndicator.ubulk" 36
"../../../Engine/Content/EditorMaterials/PreviewShadowIndicatorMaterial.uasset" 37
"../../../Engine/Content/EditorMaterials/PreviewShadowIndicatorMaterial.uexp" 38
"../../../Engine/Content/EditorMaterials/MatineeGroups/MAT_ColorTrack.uasset" 39
"../../../Engine/Content/EditorMaterials/MatineeGroups/MAT_ColorTrack.uexp" 40
"../../../Engine/Content/EditorMaterials/MatineeGroups/MAT_Groups_Anim.uasset" 41
"../../../Engine/Content/EditorMaterials/MatineeGroups/MAT_Groups_Anim.uexp" 42
"../../../Engine/Content/EditorMaterials/MatineeGroups/MAT_Groups_AudioMaster.uasset" 43
"../../../Engine/Content/EditorMaterials/MatineeGroups/MAT_Groups_AudioMaster.uexp" 44
"../../../Engine/Content/EditorMaterials/MatineeGroups/MAT_Groups_Director.uasset" 45
"../../../Engine/Content/EditorMaterials/MatineeGroups/MAT_Groups_Director.uexp" 46
"../../../Engine/Content/EditorMaterials/MatineeGroups/MAT_Groups_Event.uasset" 47
"../../../Engine/Content/EditorMaterials/MatineeGroups/MAT_Groups_Event.uexp" 48
"../../../Engine/Content/EditorMaterials/MatineeGroups/MAT_Groups_Fade.uasset" 49
"../../../Engine/Content/EditorMaterials/MatineeGroups/MAT_Groups_Fade.uexp" 50
"../../../Engine/Content/EditorMaterials/MatineeGroups/MAT_Groups_Float.uasset" 51
"../../../Engine/Content/EditorMaterials/MatineeGroups/MAT_Groups_Float.uexp" 52
"../../../Engine/Content/EditorMaterials/MatineeGroups/MAT_Groups_Move.uasset" 53
"../../../Engine/Content/EditorMaterials/MatineeGroups/MAT_Groups_Move.uexp" 54
"../../../Engine/Content/EditorMaterials/MatineeGroups/MAT_Groups_Slomo.uasset" 55
"../../../Engine/Content/EditorMaterials/MatineeGroups/MAT_Groups_Slomo.uexp" 56
"../../../Engine/Content/EditorMaterials/MatineeGroups/MAT_Groups_Sound.uasset" 57
"../../../Engine/Content/EditorMaterials/MatineeGroups/MAT_Groups_Sound.uexp" 58
"../../../Engine/Content/EditorMaterials/MatineeGroups/MAT_Groups_Vector.uasset" 59
"../../../Engine/Content/EditorMaterials/MatineeGroups/MAT_Groups_Vector.uexp" 60
"../../../Engine/Content/EditorMaterials/ParticleSystems/PSysThumbnail_NoImage.uasset" 61
"../../../Engine/Content/EditorMaterials/ParticleSystems/PSysThumbnail_NoImage.uexp" 62
"../../../Engine/Content/EditorMaterials/ParticleSystems/PSysThumbnail_NoImage.ubulk" 63
"../../../Engine/Content/EditorMaterials/ParticleSystems/PSysThumbnail_OOD.uasset" 64
"../../../Engine/Content/EditorMaterials/ParticleSystems/PSysThumbnail_OOD.uexp" 65
"../../../Engine/Content/EditorMaterials/ParticleSystems/PSysThumbnail_OOD.ubulk" 66
"../../../Engine/Content/EditorMaterials/Camera/CineMat.uasset" 67
"../../../Engine/Content/EditorMaterials/Camera/CineMat.uexp" 68
"../../../Engine/Content/EditorMaterials/Camera/MI_CineMat_Rig.uasset" 69
"../../../Engine/Content/EditorMaterials/Camera/MI_CineMat_Rig.uexp" 70
"../../../Engine/Content/EditorMeshes/Camera/SM_CraneRig_Arm.uasset" 71
"../../../Engine/Content/EditorMeshes/Camera/SM_CraneRig_Arm.uexp" 72
"../../../Engine/Content/EditorMeshes/Camera/SM_CraneRig_Base.uasset" 73
"../../../Engine/Content/EditorMeshes/Camera/SM_CraneRig_Base.uexp" 74
"../../../Engine/Content/EditorMeshes/Camera/SM_CraneRig_Body.uasset" 75
"../../../Engine/Content/EditorMeshes/Camera/SM_CraneRig_Body.uexp" 76
"../../../Engine/Content/EditorMeshes/Camera/SM_CraneRig_Mount.uasset" 77
"../../../Engine/Content/EditorMeshes/Camera/SM_CraneRig_Mount.uexp" 78
"../../../Engine/Content/EditorMeshes/Camera/SM_RailRig_Mount.uasset" 79
"../../../Engine/Content/EditorMeshes/Camera/SM_RailRig_Mount.uexp" 80
"../../../Engine/Content/EditorMeshes/Camera/SM_RailRig_Track.uasset" 81
"../../../Engine/Content/EditorMeshes/Camera/SM_RailRig_Track.uexp" 82
"../../../Engine/Content/EditorResources/BSPVertex.uasset" 83
"../../../Engine/Content/EditorResources/BSPVertex.uexp" 84
"../../../Engine/Content/EditorResources/EmptyActor.uasset" 85
"../../../Engine/Content/EditorResources/EmptyActor.uexp" 86
"../../../Engine/Content/EditorResources/S_Actor.uasset" 87
"../../../Engine/Content/EditorResources/S_Actor.uexp" 88
"../../../Engine/Content/EditorResources/S_Actor.ubulk" 89
"../../../Engine/Content/EditorResources/S_Note.uasset" 90
"../../../Engine/Content/EditorResources/S_Note.uexp" 91
"../../../Engine/Content/EditorResources/S_Note.ubulk" 92
"../../../Engine/Content/EditorResources/S_Solver.uasset" 93
"../../../Engine/Content/EditorResources/S_Solver.uexp" 94
"../../../Engine/Content/EditorResources/S_Solver.ubulk" 95
"../../../Engine/Content/EditorResources/S_Terrain.uasset" 96
"../../../Engine/Content/EditorResources/S_Terrain.uexp" 97
"../../../Engine/Content/EditorResources/S_Terrain.ubulk" 98
"../../../Engine/Content/EditorResources/S_Trigger.uasset" 99
"../../../Engine/Content/EditorResources/S_Trigger.uexp" 100
"../../../Engine/Content/EditorResources/S_Trigger.ubulk" 101
"../../../Engine/Content/EditorResources/LightIcons/S_LightError.uasset" 102
"../../../Engine/Content/EditorResources/LightIcons/S_LightError.uexp" 103
"../../../Engine/Content/EditorResources/SequenceRecorder/Countdown.uasset" 104
"../../../Engine/Content/EditorResources/SequenceRecorder/Countdown.uexp" 105
"../../../Engine/Content/EditorResources/SequenceRecorder/RecordingIndicator.uasset" 106
"../../../Engine/Content/EditorResources/SequenceRecorder/RecordingIndicator.uexp" 107
"../../../Engine/Content/EngineDamageTypes/DmgTypeBP_Environmental.uasset" 108
"../../../Engine/Content/EngineDamageTypes/DmgTypeBP_Environmental.uexp" 109
"../../../Engine/Content/EngineDebugMaterials/DebugEditorMaterial.uasset" 110
"../../../Engine/Content/EngineDebugMaterials/DebugEditorMaterial.uexp" 111
"../../../Engine/Content/EngineDebugMaterials/DebugMeshMaterial.uasset" 112
"../../../Engine/Content/EngineDebugMaterials/DebugMeshMaterial.uexp" 113
"../../../Engine/Content/EngineDebugMaterials/M_SimpleUnlitTranslucent.uasset" 114
"../../../Engine/Content/EngineDebugMaterials/M_SimpleUnlitTranslucent.uexp" 115
"../../../Engine/Content/EngineDebugMaterials/VolumeToRender.uasset" 116
"../../../Engine/Content/EngineDebugMaterials/VolumeToRender.uexp" 117
"../../../Engine/Content/Functions/Engine_MaterialFunctions02/Utility/CameraDirectionVector.uasset" 118
"../../../Engine/Content/Functions/Engine_MaterialFunctions02/Utility/CameraDirectionVector.uexp" 119
"../../../Engine/Content/EngineDebugMaterials/M_VolumeRenderSphereTracePP.uasset" 120
"../../../Engine/Content/EngineDebugMaterials/M_VolumeRenderSphereTracePP.uexp" 121
"../../../Engine/Content/Functions/Engine_MaterialFunctions01/Shading/ConvertFromDiffSpec.uasset" 122
"../../../Engine/Content/Functions/Engine_MaterialFunctions01/Shading/ConvertFromDiffSpec.uexp" 123
"../../../Engine/Content/EngineDebugMaterials/VertexColorMaterial.uasset" 124
"../../../Engine/Content/EngineDebugMaterials/VertexColorMaterial.uexp" 125
"../../../Engine/Content/EngineDebugMaterials/WireframeMaterial.uasset" 126
"../../../Engine/Content/EngineDebugMaterials/WireframeMaterial.uexp" 127
"../../../Engine/Content/EngineFonts/Faces/DroidSansFallback.uasset" 128
"../../../Engine/Content/EngineFonts/Faces/DroidSansFallback.uexp" 129
"../../../Engine/Content/EngineFonts/Faces/DroidSansFallback.ufont" 130
"../../../Engine/Content/EngineFonts/Faces/RobotoRegular.uasset" 131
"../../../Engine/Content/EngineFonts/Faces/RobotoRegular.uexp" 132
"../../../Engine/Content/EngineFonts/Faces/RobotoRegular.ufont" 133
"../../../Engine/Content/EngineFonts/Faces/RobotoLight.uasset" 134
"../../../Engine/Content/EngineFonts/Faces/RobotoLight.uexp" 135
"../../../Engine/Content/EngineFonts/Faces/RobotoLight.ufont" 136
"../../../Engine/Content/EngineFonts/Faces/RobotoItalic.uasset" 137
"../../../Engine/Content/EngineFonts/Faces/RobotoItalic.uexp" 138
"../../../Engine/Content/EngineFonts/Faces/RobotoItalic.ufont" 139
"../../../Engine/Content/EngineFonts/Faces/RobotoBoldItalic.uasset" 140
"../../../Engine/Content/EngineFonts/Faces/RobotoBoldItalic.uexp" 141
"../../../Engine/Content/EngineFonts/Faces/RobotoBoldItalic.ufont" 142
"../../../Engine/Content/EngineFonts/Faces/RobotoBold.uasset" 143
"../../../Engine/Content/EngineFonts/Faces/RobotoBold.uexp" 144
"../../../Engine/Content/EngineFonts/Faces/RobotoBold.ufont" 145
"../../../Engine/Content/EngineFonts/Roboto.uasset" 146
"../../../Engine/Content/EngineFonts/Roboto.uexp" 147
"../../../Engine/Content/EngineMaterials/BaseFlattenNormalMap.uasset" 148
"../../../Engine/Content/EngineMaterials/BaseFlattenNormalMap.uexp" 149
"../../../Engine/Content/EngineMaterials/BaseFlattenGrayscaleMap.uasset" 150
"../../../Engine/Content/EngineMaterials/BaseFlattenGrayscaleMap.uexp" 151
"../../../Engine/Content/EngineMaterials/BaseFlattenEmissiveMap.uasset" 152
"../../../Engine/Content/EngineMaterials/BaseFlattenEmissiveMap.uexp" 153
"../../../Engine/Content/EngineMaterials/BaseFlattenDiffuseMap.uasset" 154
"../../../Engine/Content/EngineMaterials/BaseFlattenDiffuseMap.uexp" 155
"../../../Engine/Content/EngineMaterials/BaseFlattenMaterial.uasset" 156
"../../../Engine/Content/EngineMaterials/BaseFlattenMaterial.uexp" 157
"../../../Engine/Content/EngineMaterials/BlueNoise.uasset" 158
"../../../Engine/Content/EngineMaterials/BlueNoise.uexp" 159
"../../../Engine/Content/EngineMaterials/DefaultBloomKernel.uasset" 160
"../../../Engine/Content/EngineMaterials/DefaultBloomKernel.uexp" 161
"../../../Engine/Content/EngineMaterials/DefaultBokeh.uasset" 162
"../../../Engine/Content/EngineMaterials/DefaultBokeh.uexp" 163
"../../../Engine/Content/EngineMaterials/DefaultDiffuse.uasset" 164
"../../../Engine/Content/EngineMaterials/DefaultDiffuse.uexp" 165
"../../../Engine/Content/EngineMaterials/DefaultDiffuse.ubulk" 166
"../../../Engine/Content/EngineMaterials/DefaultDeferredDecalMaterial.uasset" 167
"../../../Engine/Content/EngineMaterials/DefaultDeferredDecalMaterial.uexp" 168
"../../../Engine/Content/EngineMaterials/DefaultLightFunctionMaterial.uasset" 169
"../../../Engine/Content/EngineMaterials/DefaultLightFunctionMaterial.uexp" 170
"../../../Engine/Content/EngineMaterials/DefaultPhysicalMaterial.uasset" 171
"../../../Engine/Content/EngineMaterials/DefaultPhysicalMaterial.uexp" 172
"../../../Engine/Content/Functions/Engine_MaterialFunctions02/Utility/BreakOutFloat2Components.uasset" 173
"../../../Engine/Content/Functions/Engine_MaterialFunctions02/Utility/BreakOutFloat2Components.uexp" 174
"../../../Engine/Content/EngineMaterials/DefaultPostProcessMaterial.uasset" 175
"../../../Engine/Content/EngineMaterials/DefaultPostProcessMaterial.uexp" 176
"../../../Engine/Content/EngineFonts/RobotoDistanceField.uasset" 177
"../../../Engine/Content/EngineFonts/RobotoDistanceField.uexp" 178
"../../../Engine/Content/EngineMaterials/DefaultTextMaterialOpaque.uasset" 179
"../../../Engine/Content/EngineMaterials/DefaultTextMaterialOpaque.uexp" 180
"../../../Engine/Content/EngineMaterials/DefaultWhiteGrid.uasset" 181
"../../../Engine/Content/EngineMaterials/DefaultWhiteGrid.uexp" 182
"../../../Engine/Content/EngineMaterials/DefaultWhiteGrid.ubulk" 183
"../../../Engine/Content/EngineMaterials/DefaultWhiteGrid_Low.uasset" 184
"../../../Engine/Content/EngineMaterials/DefaultWhiteGrid_Low.uexp" 185
"../../../Engine/Content/EngineMaterials/EmissiveMeshMaterial.uasset" 186
"../../../Engine/Content/EngineMaterials/EmissiveMeshMaterial.uexp" 187
"../../../Engine/Content/EngineMaterials/GizmoMaterial.uasset" 188
"../../../Engine/Content/EngineMaterials/GizmoMaterial.uexp" 189
"../../../Engine/Content/EngineMaterials/Good64x64TilingNoiseHighFreq.uasset" 190
"../../../Engine/Content/EngineMaterials/Good64x64TilingNoiseHighFreq.uexp" 191
"../../../Engine/Content/EngineMaterials/MiniFont.uasset" 192
"../../../Engine/Content/EngineMaterials/MiniFont.uexp" 193
"../../../Engine/Content/EngineMaterials/InvalidLightmapSettings.uasset" 194
"../../../Engine/Content/EngineMaterials/InvalidLightmapSettings.uexp" 195
"../../../Engine/Content/EngineMaterials/InvalidLightmapSettings.ubulk" 196
"../../../Engine/Content/EngineMaterials/M_InvalidLightmapSettings.uasset" 197
"../../../Engine/Content/EngineMaterials/M_InvalidLightmapSettings.uexp" 198
"../../../Engine/Content/Functions/Engine_MaterialFunctions02/WorldPositionOffset/CameraOffset.uasset" 199
"../../../Engine/Content/Functions/Engine_MaterialFunctions02/WorldPositionOffset/CameraOffset.uexp" 200
"../../../Engine/Content/EngineMaterials/PhAT_JointLimitMaterial.uasset" 201
"../../../Engine/Content/EngineMaterials/PhAT_JointLimitMaterial.uexp" 202
"../../../Engine/Content/EngineMaterials/PreintegratedSkinBRDF.uasset" 203
"../../../Engine/Content/EngineMaterials/PreintegratedSkinBRDF.uexp" 204
"../../../Engine/Content/EngineMaterials/RemoveSurfaceMaterial.uasset" 205
"../../../Engine/Content/EngineMaterials/RemoveSurfaceMaterial.uexp" 206
"../../../Engine/Content/EngineMaterials/WeightMapPlaceholderTexture.uasset" 207
"../../../Engine/Content/EngineMaterials/WeightMapPlaceholderTexture.uexp" 208
"../../../Engine/Content/EngineResources/WhiteSquareTexture.uasset" 209
"../../../Engine/Content/EngineResources/WhiteSquareTexture.uexp" 210
"../../../Engine/Content/EngineMaterials/Widget3DPassThrough.uasset" 211
"../../../Engine/Content/EngineMaterials/Widget3DPassThrough.uexp" 212
"../../../Engine/Content/EngineMaterials/Widget3DPassThrough_Masked.uasset" 213
"../../../Engine/Content/EngineMaterials/Widget3DPassThrough_Masked.uexp" 214
"../../../Engine/Content/EngineMaterials/Widget3DPassThrough_Opaque.uasset" 215
"../../../Engine/Content/EngineMaterials/Widget3DPassThrough_Opaque.uexp" 216
"../../../Engine/Content/EngineMaterials/Widget3DPassThrough_Masked_OneSided.uasset" 217
"../../../Engine/Content/EngineMaterials/Widget3DPassThrough_Masked_OneSided.uexp" 218
"../../../Engine/Content/EngineMaterials/Widget3DPassThrough_Opaque_OneSided.uasset" 219
"../../../Engine/Content/EngineMaterials/Widget3DPassThrough_Opaque_OneSided.uexp" 220
"../../../Engine/Content/EngineMaterials/Widget3DPassThrough_Translucent.uasset" 221
"../../../Engine/Content/EngineMaterials/Widget3DPassThrough_Translucent.uexp" 222
"../../../Engine/Content/EngineMaterials/Widget3DPassThrough_Translucent_OneSided.uasset" 223
"../../../Engine/Content/EngineMaterials/Widget3DPassThrough_Translucent_OneSided.uexp" 224
"../../../Engine/Content/EngineMeshes/Cylinder.uasset" 225
"../../../Engine/Content/EngineMeshes/Cylinder.uexp" 226
"../../../Engine/Content/EngineMeshes/Sphere.uasset" 227
"../../../Engine/Content/EngineMeshes/Sphere.uexp" 228
"../../../Engine/Content/EngineResources/Black.uasset" 229
"../../../Engine/Content/EngineResources/Black.uexp" 230
"../../../Engine/Content/EngineResources/DefaultTexture.uasset" 231
"../../../Engine/Content/EngineResources/DefaultTexture.uexp" 232
"../../../Engine/Content/EngineResources/DefaultTexture.ubulk" 233
"../../../Engine/Content/EngineResources/DefaultTextureCube.uasset" 234
"../../../Engine/Content/EngineResources/DefaultTextureCube.uexp" 235
"../../../Engine/Content/EngineResources/DefaultVolumeTexture2D.uasset" 236
"../../../Engine/Content/EngineResources/DefaultVolumeTexture2D.uexp" 237
"../../../Engine/Content/EngineResources/DefaultVolumeTexture.uasset" 238
"../../../Engine/Content/EngineResources/DefaultVolumeTexture.uexp" 239
"../../../Engine/Content/EngineResources/GradientTexture0.uasset" 240
"../../../Engine/Content/EngineResources/GradientTexture0.uexp" 241
"../../../Engine/Content/EngineSky/VolumetricClouds/T_NoiseShape64.uasset" 242
"../../../Engine/Content/EngineSky/VolumetricClouds/T_NoiseShape64.uexp" 243
"../../../Engine/Content/EngineSky/VolumetricClouds/T_NoiseShape64.ubulk" 244
"../../../Engine/Content/EngineSky/VolumetricClouds/T_VolumeNoiseShape64.uasset" 245
"../../../Engine/Content/EngineSky/VolumetricClouds/T_VolumeNoiseShape64.uexp" 246
"../../../Engine/Content/EngineSky/VolumetricClouds/T_NoiseErosion.uasset" 247
"../../../Engine/Content/EngineSky/VolumetricClouds/T_NoiseErosion.uexp" 248
"../../../Engine/Content/EngineSky/VolumetricClouds/T_NoiseErosion.ubulk" 249
"../../../Engine/Content/EngineSky/VolumetricClouds/T_VolumeNoiseErosion32.uasset" 250
"../../../Engine/Content/EngineSky/VolumetricClouds/T_VolumeNoiseErosion32.uexp" 251
"../../../Engine/Content/EngineSky/VolumetricClouds/CloudWeatherTexture.uasset" 252
"../../../Engine/Content/EngineSky/VolumetricClouds/CloudWeatherTexture.uexp" 253
"../../../Engine/Content/EngineSky/VolumetricClouds/CloudGradientTexture.uasset" 254
"../../../Engine/Content/EngineSky/VolumetricClouds/CloudGradientTexture.uexp" 255
"../../../Engine/Content/Functions/Engine_MaterialFunctions02/Utility/MakeFloat2.uasset" 256
"../../../Engine/Content/Functions/Engine_MaterialFunctions02/Utility/MakeFloat2.uexp" 257
"../../../Engine/Content/EngineSky/VolumetricClouds/m_SimpleVolumetricCloud.uasset" 258
"../../../Engine/Content/EngineSky/VolumetricClouds/m_SimpleVolumetricCloud.uexp" 259
"../../../Engine/Content/EngineSky/VolumetricClouds/m_SimpleVolumetricCloud_Inst.uasset" 260
"../../../Engine/Content/EngineSky/VolumetricClouds/m_SimpleVolumetricCloud_Inst.uexp" 261
"../../../Engine/Content/EngineSounds/Master.uasset" 262
"../../../Engine/Content/EngineSounds/Master.uexp" 263
"../../../Engine/Content/Functions/Engine_MaterialFunctions01/Shading/PowerToRoughness.uasset" 264
"../../../Engine/Content/Functions/Engine_MaterialFunctions01/Shading/PowerToRoughness.uexp" 265
"../../../Engine/Content/Maps/Templates/Thumbnails/Default.uasset" 266
"../../../Engine/Content/Maps/Templates/Thumbnails/Default.uexp" 267
"../../../Engine/Content/Maps/Templates/Thumbnails/TimeOfDay.uasset" 268
"../../../Engine/Content/Maps/Templates/Thumbnails/TimeOfDay.uexp" 269
"../../../Engine/Content/Maps/Templates/Thumbnails/VR-Basic.uasset" 270
"../../../Engine/Content/Maps/Templates/Thumbnails/VR-Basic.uexp" 271
"../../../Engine/Content/MobileResources/T_MobileControls_texture.uasset" 272
"../../../Engine/Content/MobileResources/T_MobileControls_texture.uexp" 273
"../../../Engine/Content/MobileResources/T_MobileMenu2.uasset" 274
"../../../Engine/Content/MobileResources/T_MobileMenu2.uexp" 275
"../../../Engine/Content/MobileResources/HUD/AnalogHat.uasset" 276
"../../../Engine/Content/MobileResources/HUD/AnalogHat.uexp" 277
"../../../Engine/Content/MobileResources/HUD/VirtualJoystick_Thumb.uasset" 278
"../../../Engine/Content/MobileResources/HUD/VirtualJoystick_Thumb.uexp" 279
"../../../Engine/Content/MobileResources/HUD/VirtualJoystick_Background.uasset" 280
"../../../Engine/Content/MobileResources/HUD/VirtualJoystick_Background.uexp" 281
"../../../Engine/Content/MobileResources/HUD/DefaultVirtualJoysticks.uasset" 282
"../../../Engine/Content/MobileResources/HUD/DefaultVirtualJoysticks.uexp" 283
"../../../Engine/Content/MobileResources/HUD/LeftVirtualJoystickOnly.uasset" 284
"../../../Engine/Content/MobileResources/HUD/LeftVirtualJoystickOnly.uexp" 285
"../../../Engine/Content/MobileResources/HUD/MobileHUDButton1_off.uasset" 286
"../../../Engine/Content/MobileResources/HUD/MobileHUDButton1_off.uexp" 287
"../../../Engine/Content/MobileResources/HUD/MobileHUDButton1_on.uasset" 288
"../../../Engine/Content/MobileResources/HUD/MobileHUDButton1_on.uexp" 289
"../../../Engine/Content/MobileResources/HUD/MobileHUDButton2_off.uasset" 290
"../../../Engine/Content/MobileResources/HUD/MobileHUDButton2_off.uexp" 291
"../../../Engine/Content/MobileResources/HUD/MobileHUDButton2_on.uasset" 292
"../../../Engine/Content/MobileResources/HUD/MobileHUDButton2_on.uexp" 293
"../../../Engine/Content/MobileResources/HUD/MobileHUDButton3.uasset" 294
"../../../Engine/Content/MobileResources/HUD/MobileHUDButton3.uexp" 295
"../../../Engine/Content/MobileResources/HUD/MobileHUDButtonFire.uasset" 296
"../../../Engine/Content/MobileResources/HUD/MobileHUDButtonFire.uexp" 297
"../../../Engine/Content/MobileResources/HUD/MobileHUDDirectionPad.uasset" 298
"../../../Engine/Content/MobileResources/HUD/MobileHUDDirectionPad.uexp" 299
"../../../Engine/Content/MobileResources/HUD/MobileHUDDirectionPad2.uasset" 300
"../../../Engine/Content/MobileResources/HUD/MobileHUDDirectionPad2.uexp" 301
"../../../Engine/Content/MobileResources/HUD/MobileHUDDirectionPad3.uasset" 302
"../../../Engine/Content/MobileResources/HUD/MobileHUDDirectionPad3.uexp" 303
"../../../Engine/Content/MobileResources/HUD/MobileHUDDirectionStick.uasset" 304
"../../../Engine/Content/MobileResources/HUD/MobileHUDDirectionStick.uexp" 305
"../../../Engine/Content/MobileResources/HUD/T_Castle_ThumbstickInner.uasset" 306
"../../../Engine/Content/MobileResources/HUD/T_Castle_ThumbstickInner.uexp" 307
"../../../Engine/Content/MobileResources/HUD/T_Castle_ThumbstickOutter.uasset" 308
"../../../Engine/Content/MobileResources/HUD/T_Castle_ThumbstickOutter.uexp" 309
"../../../Engine/Content/Tutorial/ContentIntroCurve.uasset" 310
"../../../Engine/Content/Tutorial/ContentIntroCurve.uexp" 311
"../../../Engine/Content/VREditor/TransformGizmo/TranslucentTransformGizmoMaterial.uasset" 312
"../../../Engine/Content/VREditor/TransformGizmo/TranslucentTransformGizmoMaterial.uexp" 313
"../../../Engine/Content/VREditor/LaserPointer/VR_LaserPower_01.uasset" 314
"../../../Engine/Content/VREditor/LaserPointer/VR_LaserPower_01.uexp" 315
"../../../Engine/Content/VREditor/LaserPointer/VR_LaserPower_01.ubulk" 316
"../../../Engine/Content/VREditor/TransformGizmo/TransformGizmoMaterial.uasset" 317
"../../../Engine/Content/VREditor/TransformGizmo/TransformGizmoMaterial.uexp" 318
"../../../Engine/Content/VREditor/TransformGizmo/BoundingBoxCorner.uasset" 319
"../../../Engine/Content/VREditor/TransformGizmo/BoundingBoxCorner.uexp" 320
"../../../Engine/Content/VREditor/TransformGizmo/BoundingBoxEdge.uasset" 321
"../../../Engine/Content/VREditor/TransformGizmo/BoundingBoxEdge.uexp" 322
"../../../Engine/Content/VREditor/TransformGizmo/PlaneTranslationHandle.uasset" 323
"../../../Engine/Content/VREditor/TransformGizmo/PlaneTranslationHandle.uexp" 324
"../../../Engine/Content/VREditor/TransformGizmo/Xray.uasset" 325
"../../../Engine/Content/VREditor/TransformGizmo/Xray.uexp" 326
"../../../Engine/Content/VREditor/TransformGizmo/Main.uasset" 327
"../../../Engine/Content/VREditor/TransformGizmo/Main.uexp" 328
"../../../Engine/Content/VREditor/TransformGizmo/SM_Sequencer_Key.uasset" 329
"../../../Engine/Content/VREditor/TransformGizmo/SM_Sequencer_Key.uexp" 330
"../../../Engine/Content/VREditor/TransformGizmo/SM_Sequencer_Node.uasset" 331
"../../../Engine/Content/VREditor/TransformGizmo/SM_Sequencer_Node.uexp" 332
"../../../Engine/Plugins/2D/Paper2D/Content/PlaceholderTextures/DummySpriteTexture.uasset" 333
"../../../Engine/Plugins/2D/Paper2D/Content/PlaceholderTextures/DummySpriteTexture.uexp" 334
"../../../Engine/Plugins/2D/Paper2D/Content/PlaceholderTextures/DummySpriteTexture.ubulk" 335
"../../../Engine/Plugins/2D/Paper2D/Content/DummySprite.uasset" 336
"../../../Engine/Plugins/2D/Paper2D/Content/DummySprite.uexp" 337
"../../../Engine/Plugins/2D/Paper2D/Content/DefaultPaperTerrainMaterial.uasset" 338
"../../../Engine/Plugins/2D/Paper2D/Content/DefaultPaperTerrainMaterial.uexp" 339
"../../../Engine/Plugins/2D/Paper2D/Content/DefaultSpriteMaterial.uasset" 340
"../../../Engine/Plugins/2D/Paper2D/Content/DefaultSpriteMaterial.uexp" 341
"../../../Engine/Plugins/2D/Paper2D/Content/MaskedUnlitSpriteMaterial.uasset" 342
"../../../Engine/Plugins/2D/Paper2D/Content/MaskedUnlitSpriteMaterial.uexp" 343
"../../../Engine/Plugins/2D/Paper2D/Content/OpaqueUnlitSpriteMaterial.uasset" 344
"../../../Engine/Plugins/2D/Paper2D/Content/OpaqueUnlitSpriteMaterial.uexp" 345
"../../../Engine/Content/ArtTools/RenderToTexture/Materials/Debug/M_Emissive_Color.uasset" 346
"../../../Engine/Content/ArtTools/RenderToTexture/Materials/Debug/M_Emissive_Color.uexp" 347
"../../../Engine/Content/BasicShapes/Cylinder.uasset" 348
"../../../Engine/Content/BasicShapes/Cylinder.uexp" 349
"../../../Engine/Content/Functions/Engine_MaterialFunctions02/Utility/BreakOutFloat3Components.uasset" 350
"../../../Engine/Content/Functions/Engine_MaterialFunctions02/Utility/BreakOutFloat3Components.uexp" 351
"../../../Engine/Content/Functions/Engine_MaterialFunctions02/Utility/VectorLength.uasset" 352
"../../../Engine/Content/Functions/Engine_MaterialFunctions02/Utility/VectorLength.uexp" 353
"../../../Engine/Content/Functions/Engine_MaterialFunctions02/WorldPositionOffset/ObjectScale.uasset" 354
"../../../Engine/Content/Functions/Engine_MaterialFunctions02/WorldPositionOffset/ObjectScale.uexp" 355
"../../../Engine/Content/Functions/Engine_MaterialFunctions02/ObjectLocalBounds.uasset" 356
"../../../Engine/Content/Functions/Engine_MaterialFunctions02/ObjectLocalBounds.uexp" 357
"../../../Engine/Plugins/Editor/SpeedTreeImporter/Content/SpeedTree9/UnpackInteger3.uasset" 358
"../../../Engine/Plugins/Editor/SpeedTreeImporter/Content/SpeedTree9/UnpackInteger3.uexp" 359
"../../../Engine/Plugins/Editor/SpeedTreeImporter/Content/SpeedTree9/UnpackDirection.uasset" 360
"../../../Engine/Plugins/Editor/SpeedTreeImporter/Content/SpeedTree9/UnpackDirection.uexp" 361
"../../../Engine/Plugins/Editor/SpeedTreeImporter/Content/SpeedTree9/game_wind_noise.uasset" 362
"../../../Engine/Plugins/Editor/SpeedTreeImporter/Content/SpeedTree9/game_wind_noise.uexp" 363
"../../../Engine/Plugins/Editor/SpeedTreeImporter/Content/SpeedTree9/game_wind_noise.ubulk" 364
"../../../Engine/Content/Functions/Engine_MaterialFunctions02/SafeNormalize.uasset" 365
"../../../Engine/Content/Functions/Engine_MaterialFunctions02/SafeNormalize.uexp" 366
"../../../Engine/Plugins/Editor/SpeedTreeImporter/Content/SpeedTree9/SpeedTreeWindMotion.uasset" 367
"../../../Engine/Plugins/Editor/SpeedTreeImporter/Content/SpeedTree9/SpeedTreeWindMotion.uexp" 368
"../../../Engine/Plugins/Editor/SpeedTreeImporter/Content/SpeedTree9/SpeedTreeBranchMotion.uasset" 369
"../../../Engine/Plugins/Editor/SpeedTreeImporter/Content/SpeedTree9/SpeedTreeBranchMotion.uexp" 370
"../../../Engine/Content/Functions/Engine_MaterialFunctions02/UVs/BoundingBoxBased_0-1_UVW.uasset" 371
"../../../Engine/Content/Functions/Engine_MaterialFunctions02/UVs/BoundingBoxBased_0-1_UVW.uexp" 372
"../../../Engine/Plugins/Editor/SpeedTreeImporter/Content/SpeedTree9/SpeedTreeWind.uasset" 373
"../../../Engine/Plugins/Editor/SpeedTreeImporter/Content/SpeedTree9/SpeedTreeWind.uexp" 374
"../../../Engine/Plugins/Editor/SpeedTreeImporter/Content/SpeedTree9/SpeedTreeBillboard.uasset" 375
"../../../Engine/Plugins/Editor/SpeedTreeImporter/Content/SpeedTree9/SpeedTreeBillboard.uexp" 376
"../../../Engine/Plugins/Editor/SpeedTreeImporter/Content/SpeedTree9/EmptyNormal.uasset" 377
"../../../Engine/Plugins/Editor/SpeedTreeImporter/Content/SpeedTree9/EmptyNormal.uexp" 378
"../../../Engine/Plugins/Editor/SpeedTreeImporter/Content/SpeedTree9/Empty.uasset" 379
"../../../Engine/Plugins/Editor/SpeedTreeImporter/Content/SpeedTree9/Empty.uexp" 380
"../../../Engine/Plugins/Editor/SpeedTreeImporter/Content/SpeedTree9/SpeedTreeBillboardMaster.uasset" 381
"../../../Engine/Plugins/Editor/SpeedTreeImporter/Content/SpeedTree9/SpeedTreeBillboardMaster.uexp" 382
"../../../Engine/Plugins/Editor/SpeedTreeImporter/Content/SpeedTree9/SpeedTreeCameraFacing.uasset" 383
"../../../Engine/Plugins/Editor/SpeedTreeImporter/Content/SpeedTree9/SpeedTreeCameraFacing.uexp" 384
"../../../Engine/Plugins/Editor/SpeedTreeImporter/Content/SpeedTree9/SpeedTreeMaster.uasset" 385
"../../../Engine/Plugins/Editor/SpeedTreeImporter/Content/SpeedTree9/SpeedTreeMaster.uexp" 386
"E:/UE_Projects/Stereo-Layer/Plugins/PICOXR/Content/Blueprint/BP_PXR_Cubemap.uasset" 387
"E:/UE_Projects/Stereo-Layer/Plugins/PICOXR/Content/Blueprint/BP_PXR_Cubemap.uexp" 388
"E:/UE_Projects/Stereo-Layer/Plugins/PICOXR/Content/Blueprint/PHFDataTable.uasset" 389
"E:/UE_Projects/Stereo-Layer/Plugins/PICOXR/Content/Blueprint/PHFDataTable.uexp" 390
"E:/UE_Projects/Stereo-Layer/Plugins/PICOXR/Content/Textures/G2Texture/G2_Normal.uasset" 391
"E:/UE_Projects/Stereo-Layer/Plugins/PICOXR/Content/Textures/G2Texture/G2_Normal.uexp" 392
"E:/UE_Projects/Stereo-Layer/Plugins/PICOXR/Content/Materials/Mat_Controller.uasset" 393
"E:/UE_Projects/Stereo-Layer/Plugins/PICOXR/Content/Materials/Mat_Controller.uexp" 394
"E:/UE_Projects/Stereo-Layer/Plugins/PICOXR/Content/Materials/Mat_EyeMask.uasset" 395
"E:/UE_Projects/Stereo-Layer/Plugins/PICOXR/Content/Materials/Mat_EyeMask.uexp" 396
"E:/UE_Projects/Stereo-Layer/Plugins/PICOXR/Content/Materials/Mat_MRC.uasset" 397
"E:/UE_Projects/Stereo-Layer/Plugins/PICOXR/Content/Materials/Mat_MRC.uexp" 398
"E:/UE_Projects/Stereo-Layer/Plugins/PICOXR/Content/Materials/UnderlayMaterial.uasset" 399
"E:/UE_Projects/Stereo-Layer/Plugins/PICOXR/Content/Materials/UnderlayMaterial.uexp" 400
"E:/UE_Projects/Stereo-Layer/Plugins/PICOXR/Content/Materials/Hand/M_Ray.uasset" 401
"E:/UE_Projects/Stereo-Layer/Plugins/PICOXR/Content/Materials/Hand/M_Ray.uexp" 402
"E:/UE_Projects/Stereo-Layer/Plugins/PICOXR/Content/Materials/Hand/MI_Ray.uasset" 403
"E:/UE_Projects/Stereo-Layer/Plugins/PICOXR/Content/Materials/Hand/MI_Ray.uexp" 404
"E:/UE_Projects/Stereo-Layer/Plugins/PICOXR/Content/Materials/Mat_TouchPoint.uasset" 405
"E:/UE_Projects/Stereo-Layer/Plugins/PICOXR/Content/Materials/Mat_TouchPoint.uexp" 406
"E:/UE_Projects/Stereo-Layer/Plugins/PICOXR/Content/Meshes/Mesh_TouchPoint.uasset" 407
"E:/UE_Projects/Stereo-Layer/Plugins/PICOXR/Content/Meshes/Mesh_TouchPoint.uexp" 408
"E:/UE_Projects/Stereo-Layer/Plugins/PICOXR/Content/Textures/MRCRT_BG.uasset" 409
"E:/UE_Projects/Stereo-Layer/Plugins/PICOXR/Content/Textures/MRCRT_BG.uexp" 410
"E:/UE_Projects/Stereo-Layer/Plugins/PICOXR/Content/Textures/MRCRT_FG.uasset" 411
"E:/UE_Projects/Stereo-Layer/Plugins/PICOXR/Content/Textures/MRCRT_FG.uexp" 412
"E:/UE_Projects/Stereo-Layer/Plugins/PICOXR/Content/Textures/G2Texture/G2_Back.uasset" 413
"E:/UE_Projects/Stereo-Layer/Plugins/PICOXR/Content/Textures/G2Texture/G2_Back.uexp" 414
"E:/UE_Projects/Stereo-Layer/Plugins/PICOXR/Content/Textures/G2Texture/G2_Home.uasset" 415
"E:/UE_Projects/Stereo-Layer/Plugins/PICOXR/Content/Textures/G2Texture/G2_Home.uexp" 416
"E:/UE_Projects/Stereo-Layer/Plugins/PICOXR/Content/Textures/G2Texture/G2_Touchpad.uasset" 417
"E:/UE_Projects/Stereo-Layer/Plugins/PICOXR/Content/Textures/G2Texture/G2_Touchpad.uexp" 418
"E:/UE_Projects/Stereo-Layer/Plugins/PICOXR/Content/Textures/G2Texture/G2_Trigger.uasset" 419
"E:/UE_Projects/Stereo-Layer/Plugins/PICOXR/Content/Textures/G2Texture/G2_Trigger.uexp" 420
"E:/UE_Projects/Stereo-Layer/Plugins/PICOXR/Content/Textures/G2Texture/G2_VolumeDown.uasset" 421
"E:/UE_Projects/Stereo-Layer/Plugins/PICOXR/Content/Textures/G2Texture/G2_VolumeDown.uexp" 422
"E:/UE_Projects/Stereo-Layer/Plugins/PICOXR/Content/Textures/G2Texture/G2_VolumeUp.uasset" 423
"E:/UE_Projects/Stereo-Layer/Plugins/PICOXR/Content/Textures/G2Texture/G2_VolumeUp.uexp" 424
"E:/UE_Projects/Stereo-Layer/Plugins/PICOXR/Content/Textures/Neo2Texture/Neo2_A.uasset" 425
"E:/UE_Projects/Stereo-Layer/Plugins/PICOXR/Content/Textures/Neo2Texture/Neo2_A.uexp" 426
"E:/UE_Projects/Stereo-Layer/Plugins/PICOXR/Content/Textures/Neo2Texture/Neo2_B.uasset" 427
"E:/UE_Projects/Stereo-Layer/Plugins/PICOXR/Content/Textures/Neo2Texture/Neo2_B.uexp" 428
"E:/UE_Projects/Stereo-Layer/Plugins/PICOXR/Content/Textures/Neo2Texture/Neo2_Back.uasset" 429
"E:/UE_Projects/Stereo-Layer/Plugins/PICOXR/Content/Textures/Neo2Texture/Neo2_Back.uexp" 430
"E:/UE_Projects/Stereo-Layer/Plugins/PICOXR/Content/Textures/Neo2Texture/Neo2_Grip.uasset" 431
"E:/UE_Projects/Stereo-Layer/Plugins/PICOXR/Content/Textures/Neo2Texture/Neo2_Grip.uexp" 432
"E:/UE_Projects/Stereo-Layer/Plugins/PICOXR/Content/Textures/Neo2Texture/Neo2_Home.uasset" 433
"E:/UE_Projects/Stereo-Layer/Plugins/PICOXR/Content/Textures/Neo2Texture/Neo2_Home.uexp" 434
"E:/UE_Projects/Stereo-Layer/Plugins/PICOXR/Content/Textures/Neo2Texture/Neo2_Rocker.uasset" 435
"E:/UE_Projects/Stereo-Layer/Plugins/PICOXR/Content/Textures/Neo2Texture/Neo2_Rocker.uexp" 436
"E:/UE_Projects/Stereo-Layer/Plugins/PICOXR/Content/Textures/Neo2Texture/Neo2_Trigger.uasset" 437
"E:/UE_Projects/Stereo-Layer/Plugins/PICOXR/Content/Textures/Neo2Texture/Neo2_Trigger.uexp" 438
"E:/UE_Projects/Stereo-Layer/Plugins/PICOXR/Content/Textures/Neo2Texture/Neo2_X.uasset" 439
"E:/UE_Projects/Stereo-Layer/Plugins/PICOXR/Content/Textures/Neo2Texture/Neo2_X.uexp" 440
"E:/UE_Projects/Stereo-Layer/Plugins/PICOXR/Content/Textures/Neo2Texture/Neo2_Y.uasset" 441
"E:/UE_Projects/Stereo-Layer/Plugins/PICOXR/Content/Textures/Neo2Texture/Neo2_Y.uexp" 442
"E:/UE_Projects/Stereo-Layer/Plugins/PICOXR/Content/Textures/Neo3Texture/Neo3_A.uasset" 443
"E:/UE_Projects/Stereo-Layer/Plugins/PICOXR/Content/Textures/Neo3Texture/Neo3_A.uexp" 444
"E:/UE_Projects/Stereo-Layer/Plugins/PICOXR/Content/Textures/Neo3Texture/Neo3_B.uasset" 445
"E:/UE_Projects/Stereo-Layer/Plugins/PICOXR/Content/Textures/Neo3Texture/Neo3_B.uexp" 446
"E:/UE_Projects/Stereo-Layer/Plugins/PICOXR/Content/Textures/Neo3Texture/Neo3_Back.uasset" 447
"E:/UE_Projects/Stereo-Layer/Plugins/PICOXR/Content/Textures/Neo3Texture/Neo3_Back.uexp" 448
"E:/UE_Projects/Stereo-Layer/Plugins/PICOXR/Content/Textures/Neo3Texture/Neo3_Grip.uasset" 449
"E:/UE_Projects/Stereo-Layer/Plugins/PICOXR/Content/Textures/Neo3Texture/Neo3_Grip.uexp" 450
"E:/UE_Projects/Stereo-Layer/Plugins/PICOXR/Content/Textures/Neo3Texture/Neo3_Home.uasset" 451
"E:/UE_Projects/Stereo-Layer/Plugins/PICOXR/Content/Textures/Neo3Texture/Neo3_Home.uexp" 452
"E:/UE_Projects/Stereo-Layer/Plugins/PICOXR/Content/Textures/Neo3Texture/Neo3_Rocker.uasset" 453
"E:/UE_Projects/Stereo-Layer/Plugins/PICOXR/Content/Textures/Neo3Texture/Neo3_Rocker.uexp" 454
"E:/UE_Projects/Stereo-Layer/Plugins/PICOXR/Content/Textures/Neo3Texture/Neo3_Trigger.uasset" 455
"E:/UE_Projects/Stereo-Layer/Plugins/PICOXR/Content/Textures/Neo3Texture/Neo3_Trigger.uexp" 456
"E:/UE_Projects/Stereo-Layer/Plugins/PICOXR/Content/Textures/Neo3Texture/Neo3_X.uasset" 457
"E:/UE_Projects/Stereo-Layer/Plugins/PICOXR/Content/Textures/Neo3Texture/Neo3_X.uexp" 458
"E:/UE_Projects/Stereo-Layer/Plugins/PICOXR/Content/Textures/Neo3Texture/Neo3_Y.uasset" 459
"E:/UE_Projects/Stereo-Layer/Plugins/PICOXR/Content/Textures/Neo3Texture/Neo3_Y.uexp" 460
"E:/UE_Projects/Stereo-Layer/Plugins/PICOXR/Content/Textures/PICO_4_Textures/PICO_4_controller_Hight.uasset" 461
"E:/UE_Projects/Stereo-Layer/Plugins/PICOXR/Content/Textures/PICO_4_Textures/PICO_4_controller_Hight.uexp" 462
"E:/UE_Projects/Stereo-Layer/Plugins/PICOXR/Content/Textures/PICO_4_Textures/PICO_4_controller_Hight.ubulk" 463
"E:/UE_Projects/Stereo-Layer/Plugins/PICOXR/Content/Textures/PICO_4_Textures/PICO_4_controller_L_AO.uasset" 464
"E:/UE_Projects/Stereo-Layer/Plugins/PICOXR/Content/Textures/PICO_4_Textures/PICO_4_controller_L_AO.uexp" 465
"E:/UE_Projects/Stereo-Layer/Plugins/PICOXR/Content/Textures/PICO_4_Textures/PICO_4_controller_L_AO.ubulk" 466
"E:/UE_Projects/Stereo-Layer/Plugins/PICOXR/Content/Textures/PICO_4_Textures/PICO_4_controller_Normal.uasset" 467
"E:/UE_Projects/Stereo-Layer/Plugins/PICOXR/Content/Textures/PICO_4_Textures/PICO_4_controller_Normal.uexp" 468
"E:/UE_Projects/Stereo-Layer/Plugins/PICOXR/Content/Textures/PICO_4_Textures/PICO_4_controller_Normal.ubulk" 469
"E:/UE_Projects/Stereo-Layer/Plugins/PICOXR/Content/Textures/PICO_4_Textures/PICO_4_controller_R_AO.uasset" 470
"E:/UE_Projects/Stereo-Layer/Plugins/PICOXR/Content/Textures/PICO_4_Textures/PICO_4_controller_R_AO.uexp" 471
"E:/UE_Projects/Stereo-Layer/Plugins/PICOXR/Content/Textures/PICO_4_Textures/PICO_4_controller_R_AO.ubulk" 472
"E:/UE_Projects/Stereo-Layer/Plugins/PICOXR/Content/Textures/PowerTexture/Power0_White.uasset" 473
"E:/UE_Projects/Stereo-Layer/Plugins/PICOXR/Content/Textures/PowerTexture/Power0_White.uexp" 474
"E:/UE_Projects/Stereo-Layer/Content/LayerDemo/FaceLayerLevel_BuiltData.uasset" 475
"E:/UE_Projects/Stereo-Layer/Content/LayerDemo/FaceLayerLevel_BuiltData.uexp" 476
"E:/UE_Projects/Stereo-Layer/Content/LayerDemo/FaceLayerLevel_BuiltData.ubulk" 477
"../../../Engine/Content/EngineSky/T_Sky_Blue.uasset" 478
"../../../Engine/Content/EngineSky/T_Sky_Blue.uexp" 479
"../../../Engine/Content/EngineSky/T_Sky_Blue.ubulk" 480
"../../../Engine/Content/EngineSky/T_Sky_Clouds_M.uasset" 481
"../../../Engine/Content/EngineSky/T_Sky_Clouds_M.uexp" 482
"../../../Engine/Content/EngineSky/T_Sky_Clouds_M.ubulk" 483
"../../../Engine/Content/EngineSky/T_Sky_Stars.uasset" 484
"../../../Engine/Content/EngineSky/T_Sky_Stars.uexp" 485
"../../../Engine/Content/EngineSky/T_Sky_Stars.ubulk" 486
"../../../Engine/Content/EngineSky/M_Sky_Panning_Clouds2.uasset" 487
"../../../Engine/Content/EngineSky/M_Sky_Panning_Clouds2.uexp" 488
"E:/UE_Projects/Stereo-Layer/Content/LayerDemo/TestIMG.uasset" 489
"E:/UE_Projects/Stereo-Layer/Content/LayerDemo/TestIMG.uexp" 490
"E:/UE_Projects/Stereo-Layer/Content/LayerDemo/Image.uasset" 491
"E:/UE_Projects/Stereo-Layer/Content/LayerDemo/Image.uexp" 492
"E:/UE_Projects/Stereo-Layer/Content/LayerDemo/ActorImage.uasset" 493
"E:/UE_Projects/Stereo-Layer/Content/LayerDemo/ActorImage.uexp" 494
"E:/UE_Projects/Stereo-Layer/Content/LayerDemo/FacedLayer.uasset" 495
"E:/UE_Projects/Stereo-Layer/Content/LayerDemo/FacedLayer.uexp" 496
"../../../Engine/Content/EditorBlueprintResources/StandardMacros.uasset" 497
"../../../Engine/Content/EditorBlueprintResources/StandardMacros.uexp" 498
"../../../Engine/Content/EngineSky/SM_SkySphere.uasset" 499
"../../../Engine/Content/EngineSky/SM_SkySphere.uexp" 500
"../../../Engine/Content/EngineSky/C_Sky_Zenith_Color.uasset" 501
"../../../Engine/Content/EngineSky/C_Sky_Zenith_Color.uexp" 502
"../../../Engine/Content/EngineSky/C_Sky_Horizon_Color.uasset" 503
"../../../Engine/Content/EngineSky/C_Sky_Horizon_Color.uexp" 504
"../../../Engine/Content/EngineSky/C_Sky_Cloud_Color.uasset" 505
"../../../Engine/Content/EngineSky/C_Sky_Cloud_Color.uexp" 506
"../../../Engine/Content/EngineSky/BP_Sky_Sphere.uasset" 507
"../../../Engine/Content/EngineSky/BP_Sky_Sphere.uexp" 508
"E:/UE_Projects/Stereo-Layer/Content/LayerDemo/FaceLayerLevel.uexp" 509
"E:/UE_Projects/Stereo-Layer/Content/LayerDemo/FaceLayerLevel.umap" 510
"E:/UE_Projects/Stereo-Layer/Content/LayerDemo/WorldLayer.uasset" 511
"E:/UE_Projects/Stereo-Layer/Content/LayerDemo/WorldLayer.uexp" 512
"E:/UE_Projects/Stereo-Layer/Content/LayerDemo/WorldLayerLevel_BuiltData.uasset" 513
"E:/UE_Projects/Stereo-Layer/Content/LayerDemo/WorldLayerLevel_BuiltData.uexp" 514
"E:/UE_Projects/Stereo-Layer/Content/LayerDemo/WorldLayerLevel_BuiltData.ubulk" 515
"../../../Engine/Content/MapTemplates/SM_Template_Map_Floor.uasset" 516
"../../../Engine/Content/MapTemplates/SM_Template_Map_Floor.uexp" 517
"E:/UE_Projects/Stereo-Layer/Content/LayerDemo/WorldLayerLevel.uexp" 518
"E:/UE_Projects/Stereo-Layer/Content/LayerDemo/WorldLayerLevel.umap" 519
"../../../Engine/Content/Maps/Entry_BuiltData.uasset" 520
"../../../Engine/Content/Maps/Entry_BuiltData.uexp" 521
"../../../Engine/Content/Maps/Entry.uexp" 522
"../../../Engine/Content/Maps/Entry.umap" 523
